cp: cannot stat ‘/home/tao/taoqing/projects/sgi/TCGAArray6CNVEstimate/filename_cnvGeneMat.txt’: No such file or directory
cp: cannot stat ‘/home/tao/taoqing/projects/sgi/TCGAArray6CNVEstimate/WRIED_p_TCGA_143_147_150_Hahn_N_GenomeWideSNP_6_E05_799890_cnvGeneMat.txt’: No such file or directory
cp: cannot stat ‘/home/tao/taoqing/projects/sgi/TCGAArray6CNVEstimate/HITCH_p_TCGASNP_b93_N_GenomeWideSNP_6_D10_741440_cnvGeneMat.txt’: No such file or directory
cp: cannot stat ‘/home/tao/taoqing/projects/sgi/TCGAArray6CNVEstimate/GOOFS_p_TCGA_b117_118_SNP_N_GenomeWideSNP_6_H02_778016_cnvGeneMat.txt’: No such file or directory
cp: cannot stat ‘/home/tao/taoqing/projects/sgi/TCGAArray6CNVEstimate/EXINE_p_TCGA_b142_SNP_N_GenomeWideSNP_6_F02_802452_cnvGeneMat.txt’: No such file or directory
cp: cannot stat ‘/home/tao/taoqing/projects/sgi/TCGAArray6CNVEstimate/BONZE_p_TCGAb56_SNP_1N_GenomeWideSNP_6_C11_666998_cnvGeneMat.txt’: No such file or directory
cp: cannot stat ‘/home/tao/taoqing/projects/sgi/TCGAArray6CNVEstimate/ETUIS_p_TCGASNP_b80_83_N_GenomeWideSNP_6_H08_734654_cnvGeneMat.txt’: No such file or directory
cp: cannot stat ‘/home/tao/taoqing/projects/sgi/TCGAArray6CNVEstimate/RANDS_p_TCGA_b109_SNP_1N_GenomeWideSNP_6_D04_771920_cnvGeneMat.txt’: No such file or directory
cp: cannot stat ‘/home/tao/taoqing/projects/sgi/TCGAArray6CNVEstimate/RANDS_p_TCGA_b109_SNP_1N_GenomeWideSNP_6_E02_771870_cnvGeneMat.txt’: No such file or directory
cp: cannot stat ‘/home/tao/taoqing/projects/sgi/TCGAArray6CNVEstimate/EMMER_p_8TCGA_Mx_242_238_N_GenomeWideSNP_6_A11_1244796_cnvGeneMat.txt’: No such file or directory
cp: cannot stat ‘/home/tao/taoqing/projects/sgi/TCGAArray6CNVEstimate/USAGE_p_TCGA_132_133_136_SNP_N_GenomeWideSNP_6_H01_787562_cnvGeneMat.txt’: No such file or directory
cp: cannot stat ‘/home/tao/taoqing/projects/sgi/TCGAArray6CNVEstimate/WRIED_p_TCGA_143_147_150_Hahn_N_GenomeWideSNP_6_D12_799862_cnvGeneMat.txt’: No such file or directory
cp: cannot stat ‘/home/tao/taoqing/projects/sgi/TCGAArray6CNVEstimate/EMMER_p_8TCGA_Mx_242_238_N_GenomeWideSNP_6_B08_1244856_cnvGeneMat.txt’: No such file or directory
cp: cannot stat ‘/home/tao/taoqing/projects/sgi/TCGAArray6CNVEstimate/JOUAL_p_TCGA_b96_SNP_N_GenomeWideSNP_6_C07_747898_cnvGeneMat.txt’: No such file or directory
cp: cannot stat ‘/home/tao/taoqing/projects/sgi/TCGAArray6CNVEstimate/EXINE_p_TCGA_b142_SNP_N_GenomeWideSNP_6_F06_802310_cnvGeneMat.txt’: No such file or directory
cp: cannot stat ‘/home/tao/taoqing/projects/sgi/TCGAArray6CNVEstimate/GOOFS_p_TCGA_b117_118_SNP_N_GenomeWideSNP_6_B02_778056_cnvGeneMat.txt’: No such file or directory
cp: cannot stat ‘/home/tao/taoqing/projects/sgi/TCGAArray6CNVEstimate/ETUIS_p_TCGASNP_b80_83_N_GenomeWideSNP_6_D09_734674_cnvGeneMat.txt’: No such file or directory
cp: cannot stat ‘/home/tao/taoqing/projects/sgi/TCGAArray6CNVEstimate/EMMER_p_8TCGA_Mx_242_238_N_GenomeWideSNP_6_B03_1244864_cnvGeneMat.txt’: No such file or directory
cp: cannot stat ‘/home/tao/taoqing/projects/sgi/TCGAArray6CNVEstimate/SHUCK_p_TCGAb74and75_SNP_N_GenomeWideSNP_6_A05_731058_cnvGeneMat.txt’: No such file or directory
cp: cannot stat ‘/home/tao/taoqing/projects/sgi/TCGAArray6CNVEstimate/EMMER_p_8TCGA_Mx_242_238_N_GenomeWideSNP_6_A12_1244842_cnvGeneMat.txt’: No such file or directory
cp: cannot stat ‘/home/tao/taoqing/projects/sgi/TCGAArray6CNVEstimate/CUSKS_p_TCGAb47_SNP_1N_GenomeWideSNP_6_A08_628220_cnvGeneMat.txt’: No such file or directory
cp: cannot stat ‘/home/tao/taoqing/projects/sgi/TCGAArray6CNVEstimate/RAMIE_p_6TCGA_250_232_4_236_N_GenomeWideSNP_6_F03_1245166_cnvGeneMat.txt’: No such file or directory
cp: cannot stat ‘/home/tao/taoqing/projects/sgi/TCGAArray6CNVEstimate/SHUCK_p_TCGAb74and75_SNP_N_GenomeWideSNP_6_B09_730960_cnvGeneMat.txt’: No such file or directory
cp: cannot stat ‘/home/tao/taoqing/projects/sgi/TCGAArray6CNVEstimate/ETUIS_p_TCGASNP_b80_83_N_GenomeWideSNP_6_H06_734808_cnvGeneMat.txt’: No such file or directory
cp: cannot stat ‘/home/tao/taoqing/projects/sgi/TCGAArray6CNVEstimate/GOOFS_p_TCGA_b117_118_SNP_N_GenomeWideSNP_6_D01_778050_cnvGeneMat.txt’: No such file or directory
cp: cannot stat ‘/home/tao/taoqing/projects/sgi/TCGAArray6CNVEstimate/DOUSE_p_TCGA_287_288_289_N_GenomeWideSNP_6_E08_1343170_cnvGeneMat.txt’: No such file or directory
cp: cannot stat ‘/home/tao/taoqing/projects/sgi/TCGAArray6CNVEstimate/CHEEP_p_TCGA_b120_121_SNP_N_GenomeWideSNP_6_D01_777612_cnvGeneMat.txt’: No such file or directory
cp: cannot stat ‘/home/tao/taoqing/projects/sgi/TCGAArray6CNVEstimate/EXINE_p_TCGA_b142_SNP_N_GenomeWideSNP_6_F03_802438_cnvGeneMat.txt’: No such file or directory
cp: cannot stat ‘/home/tao/taoqing/projects/sgi/TCGAArray6CNVEstimate/ETUIS_p_TCGASNP_b80_83_N_GenomeWideSNP_6_F04_734764_cnvGeneMat.txt’: No such file or directory
cp: cannot stat ‘/home/tao/taoqing/projects/sgi/TCGAArray6CNVEstimate/EMMER_p_8TCGA_Mx_242_238_N_GenomeWideSNP_6_B04_1244882_cnvGeneMat.txt’: No such file or directory
cp: cannot stat ‘/home/tao/taoqing/projects/sgi/TCGAArray6CNVEstimate/BULGY_p_TCGA_bM1_124_SNP_N_GenomeWideSNP_6_D06_780834_cnvGeneMat.txt’: No such file or directory
cp: cannot stat ‘/home/tao/taoqing/projects/sgi/TCGAArray6CNVEstimate/JOUAL_p_TCGA_b96_SNP_N_GenomeWideSNP_6_B01_747920_cnvGeneMat.txt’: No such file or directory
cp: cannot stat ‘/home/tao/taoqing/projects/sgi/TCGAArray6CNVEstimate/DOUSE_p_TCGA_287_288_289_N_GenomeWideSNP_6_E09_1343266_cnvGeneMat.txt’: No such file or director
